1 10 20
100 200 125
201 210 89
900 1000 174
721743 657288 504
275626 671613 509
139636 460552 449
901996 73264 525
343825 195450 443
585895 750662 509
243456 319518 407
2581 522060 470
1614 238817 443
747331 591299 509
179503 790197 509
352492 457322 449
226720 726571 509
314928 736895 509
817930 875802 525
592003 873723 525
289018 462516 449
907882 608011 525
340280 701662 509
219206 792906 509
278235 599654 470
339935 565861 470
424765 814598 509
237604 803330 509
877374 258604 525
602567 507512 470
435940 277698 449
109238 668990 509
247302 485729 449
689485 743670 504
987337 364131 525
601364 656137 509
667299 434488 509
489111 910082 525
884759 285821 525
251477 66664 443
367559 355325 410
620513 691096 509
277759 956295 525
388386 711272 509
199752 32773 383
884863 547611 525
357354 495769 449
890495 903251 401
546738 846871 525
550523 618219 447
844341 658836 525
290792 110654 443
392719 823632 509
662545 397924 509
522699 952275 525
473434 972197 525
834356 565723 509
69550 966327 525
915280 705935 525
562924 683714 509
736960 29617 509
172184 94303 383
883653 212528 525
975742 848911 507
312258 978069 525
182516 782714 509
196407 962941 525
667018 863609 525
219858 922818 525
412607 965802 525
881621 371160 525
883570 972033 507
790947 577551 509
269869 573716 470
885532 191593 525
351799 311118 441
72921 949079 525
946674 394057 525
923290 725407 525
377211 794945 509
705867 758478 424
560531 681312 509
129648 794055 509
655875 871423 525
768119 565165 509
447207 282790 449
106432 589250 470
786241 254512 509
214713 986520 525
263689 139971 443
854913 904972 445
661976 464573 509
310960 707035 509
930465 581474 525
871352 871837 282
578722 805591 509
116511 629726 509
639179 643277 416
577628 906756 525
174297 14520 383
984773 392021 525
586373 1511 470
657348 964797 525
406914 49253 443
235230 747441 509
357348 686050 509
840281 490600 525
725987 488440 509
728552 819933 468
551943 669475 509
857940 429681 525
217246 609067 470
99460 916089 525
921626 186061 525
575640 684951 509
749522 405384 509
593090 718524 509
5428 383377 443
291726 54258 443
159273 876092 525
544969 845413 525
748842 116715 509
722634 182934 509
34322 628662 509
317859 251514 407
205723 500738 449
636707 94892 509
728176 285687 509
631648 145104 509
533850 28602 470
824130 109179 509
419701 549752 470
197732 227374 386
295756 867651 525
717353 244722 509
475130 68598 449
187760 630324 509
797636 279865 509
674835 180872 509
192832 136733 383
158798 759160 509
211697 819435 509
185550 425827 449
465657 487588 413
737785 376347 509
317269 737134 509
561777 902112 525
253627 541392 470
632173 975872 525
614397 825925 509
371738 368334 392
966268 126159 525
765380 830160 468
328726 121338 443
684748 696830 442
53996 213460 383
649867 856018 525
747228 239237 509
314588 627806 509
435728 841747 525
94022 285068 443
406261 840084 525
613901 285427 470
272934 218839 443
775041 961840 525
918692 273683 525
751554 410782 509
740668 520881 509
752745 171568 509
878846 569878 525
343542 795919 509
380794 396889 436
328492 148125 443
17913 948547 525
758460 171341 509
644490 715991 504
301893 493008 449
911507 954502 507
681582 452160 509
214421 817710 509
475412 590106 470
446652 830488 509
535084 846220 525
675105 297550 509
856223 428092 525
299217 790808 509
73476 723833 509
900566 856844 445
496821 261883 449
247804 449474 449
223679 283963 443
502818 562808 470
916487 773060 525
865484 654100 525
86545 748474 509
553126 797053 509
877467 471265 525
576001 38765 470
431484 842868 525
81615 807014 509
496580 857568 525
2909 268301 443
122014 133123 344
99917 755823 509
16359 143919 375
429253 698542 509
177992 248621 443
350756 271396 441
111336 82545 354
993048 140160 525
934834 447121 525
177367 110249 383
937569 542338 525
305290 931462 525
837895 411140 525
264267 779272 509
821202 797187 450
264760 388033 441
347026 670083 509
91028 633217 509
952043 539041 525
695955 982809 525
679039 776739 504
601283 612129 403
992005 11887 525
788222 689658 504
457039 330456 449
263148 281550 407
209702 294058 443
553270 505070 470
437621 231602 449
856215 789515 525
375335 406685 436
27534 521279 470
693136 336301 509
266120 511009 449
827631 255175 509
457751 314090 449
360816 757132 509
195469 868589 525
814838 120387 509
224601 882532 525
300592 873994 525
698088 382884 509
905505 205758 525
765046 605421 509
161062 393443 443
13122 550438 470
840813 929618 476
684183 934478 525
112129 206828 383
390654 910886 525
292654 272532 389

